Vivado Simulator v2025.2
Copyright 1986-2022 Xilinx, Inc. All Rights Reserved.
Copyright 2022-2025 Advanced Micro Devices, Inc. All Rights Reserved.
Running: C:/AMDDesignTools/2025.2/Vivado/bin/unwrapped/win64.o/xelab.exe --incr --debug typical --relax --mt 2 -L xil_defaultlib -L unisims_ver -L secureip --snapshot mac_tb_func_synth xil_defaultlib.mac_tb xil_defaultlib.glbl -log elaborate.log 
Using 2 slave threads.
Starting static elaboration
Pass Through NonSizing Optimizer
Completed static elaboration
Starting simulation data flow analysis
Completed simulation data flow analysis
Time Resolution for simulation is 1ps
Compiling module unisims_ver.IBUF
Compiling module unisims_ver.DSP48E1(ACASCREG=0,ALUMODEREG=0,...
Compiling module unisims_ver.OBUF
Compiling module unisims_ver.x_lut2_mux4
Compiling module unisims_ver.LUT2
Compiling module unisims_ver.FDCE_default
Compiling module unisims_ver.x_lut1_mux2
Compiling module unisims_ver.LUT1(INIT=2'b01)
Compiling module unisims_ver.BUFG
Compiling module xil_defaultlib.mac
Compiling module xil_defaultlib.mac_tb
Compiling module xil_defaultlib.glbl
Built simulation snapshot mac_tb_func_synth
